#
# There is insufficient memory for the Java Runtime Environment to continue.
# Native memory allocation (malloc) failed to allocate 1048576 bytes for AllocateHeap
# Possible reasons:
#   The system is out of physical RAM or swap space
#   In 32 bit mode, the process size limit was hit
# Possible solutions:
#   Reduce memory load on the system
#   Increase physical memory or swap space
#   Check if swap backing store is full
#   Use 64 bit Java on a 64 bit OS
#   Decrease Java heap size (-Xmx/-Xms)
#   Decrease number of Java threads
#   Decrease Java thread stack sizes (-Xss)
#   Set larger code cache with -XX:ReservedCodeCacheSize=
# This output file may be truncated or incomplete.
#
#  Out of Memory Error (memory/allocation.inline.hpp:62), pid=6720, tid=3492
#
# JRE version:  (8.0_05-b13) (build )
# Java VM: Java HotSpot(TM) 64-Bit Server VM (25.5-b02 mixed mode windows-amd64 compressed oops)
# Failed to write core dump. Minidumps are not enabled by default on client versions of Windows
#

---------------  T H R E A D  ---------------

Current thread (0x000000000056d800):  JavaThread "Unknown thread" [_thread_in_vm, id=3492, stack(0x0000000001d60000,0x0000000001e60000)]

Stack: [0x0000000001d60000,0x0000000001e60000]
Native frames: (J=compiled Java code, j=interpreted, Vv=VM code, C=native code)
V  [jvm.dll+0x308dea]
V  [jvm.dll+0x25def1]
V  [jvm.dll+0x25eb0f]
V  [jvm.dll+0x2564e5]
V  [jvm.dll+0x25553f]
V  [jvm.dll+0x3c732c]
V  [jvm.dll+0x3c29f7]
V  [jvm.dll+0xe2142]
V  [jvm.dll+0x1f1419]
V  [jvm.dll+0x2227c4]
V  [jvm.dll+0x149f71]
C  [java.exe+0x207a]
C  [java.exe+0xc99b]
C  [java.exe+0xca2f]
C  [KERNEL32.DLL+0x13d2]
C  [ntdll.dll+0x15444]


---------------  P R O C E S S  ---------------

Java Threads: ( => current thread )

Other Threads:

=>0x000000000056d800 (exited) JavaThread "Unknown thread" [_thread_in_vm, id=3492, stack(0x0000000001d60000,0x0000000001e60000)]

VM state:not at safepoint (normal execution)

VM Mutex/Monitor currently owned by a thread: None

Heap:
 PSYoungGen      total 1024K, used 20K [0x00000000eab00000, 0x00000000eac80000, 0x0000000100000000)
  eden space 512K, 4% used [0x00000000eab00000,0x00000000eab05288,0x00000000eab80000)
  from space 512K, 0% used [0x00000000eac00000,0x00000000eac00000,0x00000000eac80000)
  to   space 512K, 0% used [0x00000000eab80000,0x00000000eab80000,0x00000000eac00000)
 ParOldGen       total 127488K, used 0K [0x00000000c0000000, 0x00000000c7c80000, 0x00000000eab00000)
  object space 127488K, 0% used [0x00000000c0000000,0x00000000c0000000,0x00000000c7c80000)
 Metaspace       used 673K, capacity 4480K, committed 4480K, reserved 1056768K
  class space    used 66K, capacity 384K, committed 384K, reserved 1048576K

Card table byte_map: [0x0000000011320000,0x0000000011530000] byte_map_base: 0x0000000010d20000

Marking Bits: (ParMarkBitMap*) 0x00000000528b13b0
 Begin Bits: [0x0000000011e90000, 0x0000000012e90000)
 End Bits:   [0x0000000012e90000, 0x0000000013e90000)

Polling page: 0x0000000000530000

CodeCache: size=245760Kb used=327Kb max_used=327Kb free=245432Kb
 bounds [0x0000000001f60000, 0x00000000021d0000, 0x0000000010f60000]
 total_blobs=56 nmethods=0 adapters=37
 compilation: enabled

Compilation events (0 events):
No events

GC Heap History (0 events):
No events

Deoptimization events (0 events):
No events

Internal exceptions (0 events):
No events

Events (10 events):
Event: 0.015 loading class java/lang/Short
Event: 0.015 loading class java/lang/Short done
Event: 0.015 loading class java/lang/Integer
Event: 0.015 loading class java/lang/Integer done
Event: 0.015 loading class java/lang/Long
Event: 0.015 loading class java/lang/Long done
Event: 0.015 loading class java/lang/NullPointerException
Event: 0.015 loading class java/lang/NullPointerException done
Event: 0.015 loading class java/lang/ArithmeticException
Event: 0.016 loading class java/lang/ArithmeticException done


Dynamic libraries:
0x00007ff794350000 - 0x00007ff794384000 	C:\Program Files\Java\jdk1.8.0_05\bin\java.exe
0x00007ffef8170000 - 0x00007ffef831c000 	C:\Windows\SYSTEM32\ntdll.dll
0x00007ffef79a0000 - 0x00007ffef7ade000 	C:\Windows\system32\KERNEL32.DLL
0x00007ffef56e0000 - 0x00007ffef57f5000 	C:\Windows\system32\KERNELBASE.dll
0x00007ffef3e70000 - 0x00007ffef3efe000 	C:\Windows\system32\apphelp.dll
0x00007ffee2be0000 - 0x00007ffee2c33000 	C:\Windows\AppPatch\AppPatch64\AcGenral.DLL
0x00007ffef71c0000 - 0x00007ffef726a000 	C:\Windows\system32\msvcrt.dll
0x00007ffef50a0000 - 0x00007ffef50ce000 	C:\Windows\SYSTEM32\SspiCli.dll
0x00007ffef5870000 - 0x00007ffef58c4000 	C:\Windows\system32\SHLWAPI.dll
0x00007ffef7490000 - 0x00007ffef7607000 	C:\Windows\system32\USER32.dll
0x00007ffef7e20000 - 0x00007ffef7fb4000 	C:\Windows\system32\ole32.dll
0x00007ffef58d0000 - 0x00007ffef6de9000 	C:\Windows\system32\SHELL32.dll
0x00007ffef4870000 - 0x00007ffef4891000 	C:\Windows\SYSTEM32\USERENV.dll
0x00007ffef7ff0000 - 0x00007ffef809a000 	C:\Windows\system32\ADVAPI32.dll
0x00007ffee6b40000 - 0x00007ffee6b5e000 	C:\Windows\SYSTEM32\MPR.dll
0x00007ffef77e0000 - 0x00007ffef7921000 	C:\Windows\system32\RPCRT4.dll
0x00007ffef7ae0000 - 0x00007ffef7b39000 	C:\Windows\SYSTEM32\sechost.dll
0x00007ffef6df0000 - 0x00007ffef7001000 	C:\Windows\SYSTEM32\combase.dll
0x00007ffef7690000 - 0x00007ffef77e0000 	C:\Windows\system32\GDI32.dll
0x00007ffef52d0000 - 0x00007ffef52e5000 	C:\Windows\SYSTEM32\profapi.dll
0x00007ffef3840000 - 0x00007ffef38f2000 	C:\Windows\SYSTEM32\SHCORE.dll
0x00007ffef7de0000 - 0x00007ffef7e16000 	C:\Windows\system32\IMM32.DLL
0x00007ffef7270000 - 0x00007ffef73c2000 	C:\Windows\system32\MSCTF.dll
0x00007ffef3060000 - 0x00007ffef32da000 	C:\Windows\WinSxS\amd64_microsoft.windows.common-controls_6595b64144ccf1df_6.0.9600.17810_none_6240b9c7ecbd0bda\COMCTL32.dll
0x00000000517b0000 - 0x0000000051882000 	C:\Program Files\Java\jdk1.8.0_05\jre\bin\msvcr100.dll
0x0000000052100000 - 0x000000005292a000 	C:\Program Files\Java\jdk1.8.0_05\jre\bin\server\jvm.dll
0x00007ffef04e0000 - 0x00007ffef04e9000 	C:\Windows\SYSTEM32\WSOCK32.dll
0x00007ffee5f50000 - 0x00007ffee5f72000 	C:\Windows\SYSTEM32\WINMM.dll
0x00007ffef7fe0000 - 0x00007ffef7fe7000 	C:\Windows\system32\PSAPI.DLL
0x00007ffef5810000 - 0x00007ffef586a000 	C:\Windows\system32\WS2_32.dll
0x00007ffee5f20000 - 0x00007ffee5f4a000 	C:\Windows\SYSTEM32\WINMMBASE.dll
0x00007ffef5800000 - 0x00007ffef5809000 	C:\Windows\system32\NSI.dll
0x00007ffef5690000 - 0x00007ffef56df000 	C:\Windows\SYSTEM32\cfgmgr32.dll
0x00007ffef40f0000 - 0x00007ffef4118000 	C:\Windows\SYSTEM32\DEVOBJ.dll
0x0000000052010000 - 0x000000005201f000 	C:\Program Files\Java\jdk1.8.0_05\jre\bin\verify.dll
0x0000000051fe0000 - 0x0000000052008000 	C:\Program Files\Java\jdk1.8.0_05\jre\bin\java.dll
0x0000000051fc0000 - 0x0000000051fd6000 	C:\Program Files\Java\jdk1.8.0_05\jre\bin\zip.dll
0x00007ffee5ac0000 - 0x00007ffee5c49000 	C:\Windows\SYSTEM32\dbghelp.dll

VM Arguments:
jvm_args: -Xmx1024M -Dfile.encoding=windows-1255 -Duser.country=IL -Duser.language=iw -Duser.variant 
java_command: com.android.dx.command.Main --dex --output C:\Users\USER\AndroidStudioProjects\calaSalaryV2\app\build\intermediates\dex\debug C:\Users\USER\AndroidStudioProjects\calaSalaryV2\app\build\intermediates\classes\debug C:\Users\USER\AndroidStudioProjects\calaSalaryV2\app\build\intermediates\pre-dexed\debug\support-annotations-22.2.1-1a3daff29eebb0013bf06362ffa569aa4315a117.jar C:\Users\USER\AndroidStudioProjects\calaSalaryV2\app\build\intermediates\pre-dexed\debug\classes-c36df02823bf4f37c6f2f93afc862d0fc1d60368.jar C:\Users\USER\AndroidStudioProjects\calaSalaryV2\app\build\intermediates\pre-dexed\debug\classes-143c388bf960cdc8eab328840d37280c350f0d8a.jar C:\Users\USER\AndroidStudioProjects\calaSalaryV2\app\build\intermediates\pre-dexed\debug\internal_impl-22.2.1-2041d02245a1fdd3d7a70c48cb46a020096e9229.jar C:\Users\USER\AndroidStudioProjects\calaSalaryV2\app\build\intermediates\pre-dexed\debug\classes-24b810c8007d176c80d657cbb688c416dd44f3d2.jar C:\Users\USER\AndroidStudioProjects\calaSalaryV2\app\build\intermediates\pre-dexed\debug\jxl-04dd0ec6ddc6a2618ce667209475bad1943dadb1.jar C:\Users\USER\AndroidStudioProjects\calaSalaryV2\app\build\intermediates\pre-dexed\debug\classes-d57857d14dcc187542d04651d461ae5c8097f402.jar
java_class_path (initial): C:\Users\USER\AppData\Local\Android\android-studio1\sdk\build-tools\android-4.4W\lib\dx.jar
Launcher Type: SUN_STANDARD

Environment Variables:
JAVA_HOME=C:\Program Files\Java\jdk1.8.0_05.
PATH=C:\Program Files (x86)\Common Files\Intel\Shared Libraries\redist\intel64\compiler;C:\Program Files (x86)\iis express\PHP\v5.3;C:\ProgramData\Oracle\Java\javapath;C:\Program Files (x86)\Intel\iCLS Client\;C:\Program Files\Intel\iCLS Client\;C:\Windows\system32;C:\Windows;C:\Windows\System32\Wbem;C:\Windows\System32\WindowsPowerShell\v1.0\;C:\Program Files\Intel\Intel(R) Management Engine Components\DAL;C:\Program Files\Intel\Intel(R) Management Engine Components\IPT;C:\Program Files (x86)\Intel\Intel(R) Management Engine Components\DAL;C:\Program Files (x86)\Intel\Intel(R) Management Engine Components\IPT;C:\Program Files (x86)\Appupdater;C:\Program Files\Microsoft\Web Platform Installer\;C:\Program Files (x86)\MySQL\MySQL Fabric 1.5.3 & MySQL Utilities 1.5.3 1.5\Doctrine
USERNAME=USER
OS=Windows_NT
PROCESSOR_IDENTIFIER=Intel64 Family 6 Model 60 Stepping 3, GenuineIntel



---------------  S Y S T E M  ---------------

OS: Windows 8.1 , 64 bit Build 9600 

CPU:total 8 (4 cores per cpu, 2 threads per core) family 6 model 60 stepping 3, cmov, cx8, fxsr, mmx, sse, sse2, sse3, ssse3, sse4.1, sse4.2, popcnt, avx, avx2, aes, clmul, erms, ht, tsc, tscinvbit

Memory: 4k page, physical 8195232k(1537316k free), swap 11340960k(5120k free)

vm_info: Java HotSpot(TM) 64-Bit Server VM (25.5-b02) for windows-amd64 JRE (1.8.0_05-b13), built on Mar 18 2014 01:08:39 by "java_re" with MS VC++ 10.0 (VS2010)

time: Wed Jul 29 01:57:01 2015
elapsed time: 0 seconds

